2024-11-26 11:36:01 error: Maximize Window.
2024-11-26 18:15:36 error: Wrong. 
2024-11-27 08:00:57 error: Wrong. 
2024-11-27 08:03:47 error: Wrong. 
2024-11-27 08:04:57 error: Wrong. 
2024-11-27 14:55:25 error: Something went wrong in perfum Click DropDown  : TypeError: element.moceTo is not a function
2024-11-27 15:16:29 error: Something went wrong in Assert Dashboard Page Title : AssertionError: Expected title is 'Online-Parfümerie ✔️ Parfum & Kosmetik kaufen | DOUGLAS', but found 'DOUGLAS ✔️ Black Friday | 20 % Rabatt & mehr': expected 'DOUGLAS ✔️ Black Friday | 20 % Rabatt…' to equal 'Online-Parfümerie ✔️ Parfum & Kosmeti…'
2024-11-27 15:58:05 error: Something went wrong in Assert Perfum Page Title : AssertionError: Expected title is https://www.douglas.de/de/c/parfum/01, but found DOUGLAS ✔️ Black Friday | 20 % Rabatt & mehr: expected 'DOUGLAS ✔️ Black Friday | 20 % Rabatt…' to equal 'Online Parfümerie Douglas'
2024-11-27 16:07:12 error: Something went wrong in Assert Filter Option : TypeError: filterOptionElements.map is not a function
2024-11-27 16:25:41 error: Something went wrong in Accept Cookie : Error: Can't call click on element with selector "[data-testid="uc-accept-all-button"]" because element wasn't found
2024-11-27 16:27:10 error: Something went wrong in Assert Perfum Page Title : AssertionError: Expected title is Online Parfümerie Douglas, but found DOUGLAS ✔️ Black Friday | 20 % Rabatt & mehr: expected 'DOUGLAS ✔️ Black Friday | 20 % Rabatt…' to equal 'Online Parfümerie Douglas'
2024-11-27 16:27:31 error: Something went wrong in Accept Cookie : Error: Can't call click on element with selector "[data-testid="uc-accept-all-button"]" because element wasn't found
2024-11-27 16:38:07 error: Something went wrong in Accept Cookie : Error: Can't call click on element with selector "[data-testid="uc-accept-all-button"]" because element wasn't found
2024-11-27 16:42:18 error: Something went wrong in CLick On Tab : element click intercepted: WebDriverError: element click intercepted: Element <a class="link link--nav-heading navigation-main-entry__link" type="nav-heading" target="" href="/de/c/parfum/01" external="false" linkappearance="true">...</a> is not clickable at point (318, 130). Other element would receive the click: <div id="usercentrics-root" data-created-at="1732705918714" style=""></div>
  (Session info: chrome=131.0.6778.86) when running "element/f.C5B003AD4652594D0AB9DEB814525FFB.d.6CD1EFDC49926EEF366B2027B3824ED1.e.25/click" with method "POST"
2024-11-27 16:42:38 error: Something went wrong in CLick On Tab : element click intercepted: WebDriverError: element click intercepted: Element <a class="link link--nav-heading navigation-main-entry__link" type="nav-heading" target="" href="/de/c/parfum/01" external="false" linkappearance="true">...</a> is not clickable at point (318, 130). Other element would receive the click: <div id="usercentrics-root" data-created-at="1732705940978" style=""></div>
  (Session info: chrome=131.0.6778.86) when running "element/f.C5B003AD4652594D0AB9DEB814525FFB.d.F968F9E173145148FD2D493F68FCFBCC.e.157/click" with method "POST"
2024-11-27 16:44:41 error: Something went wrong in CLick On Tab : element click intercepted: WebDriverError: element click intercepted: Element <a class="link link--nav-heading navigation-main-entry__link" type="nav-heading" target="" href="/de/c/parfum/01" external="false" linkappearance="true">...</a> is not clickable at point (318, 130). Other element would receive the click: <div id="usercentrics-root" data-created-at="1732706063564" style=""></div>
  (Session info: chrome=131.0.6778.86) when running "element/f.021158F30D415D5ED888DDC1536639FD.d.1BC8C1BFFE9B30A8ABB9219F68BB75FA.e.20/click" with method "POST"
2024-11-27 16:48:25 error: Something went wrong in Accept Cookie : Error: Can't call click on element with selector "[data-testid="uc-accept-all-button"]" because element wasn't found
2024-11-27 16:51:38 error: Something went wrong in Accept Cookie : Error: waitUntil condition failed with the following reason: WebDriver Bidi command "script.callFunction" failed with error: invalid argument - Invalid input in "arguments"/0.
2024-11-27 16:55:42 error: Something went wrong in Accept Cookie : Error: element ("[data-testid="uc-accept-all-button"]") still not displayed after 5000ms
2024-11-27 16:57:44 error: Something went wrong in Accept Cookie : Error: element ("[data-testid="uc-accept-all-button"]") still not displayed after 5000ms
2024-11-27 17:02:08 error: Something went wrong in Accept Cookie : Error: element ("[data-testid="uc-accept-all-button"]") still not displayed after 5000ms
